[debug] [2025-08-26T08:15:48.749Z] ----------------------------------------------------------------------
[debug] [2025-08-26T08:15:48.752Z] Command:       C:\Program Files\nodejs\node.exe C:\Users\tsuch\AppData\Roaming\npm\node_modules\firebase-tools\lib\bin\firebase.js init emulators
[debug] [2025-08-26T08:15:48.752Z] CLI Version:   14.14.0
[debug] [2025-08-26T08:15:48.752Z] Platform:      win32
[debug] [2025-08-26T08:15:48.752Z] Node Version:  v22.15.1
[debug] [2025-08-26T08:15:48.752Z] Time:          Tue Aug 26 2025 17:15:48 GMT+0900 (日本標準時)
[debug] [2025-08-26T08:15:48.753Z] ----------------------------------------------------------------------
[debug] 
[debug] [2025-08-26T08:15:48.758Z] > command requires scopes: ["email","openid","https://www.googleapis.com/auth/cloudplatformprojects.readonly","https://www.googleapis.com/auth/firebase","https://www.googleapis.com/auth/cloud-platform"]
[debug] [2025-08-26T08:15:48.758Z] > authorizing via signed-in user (yub4.arema@gmail.com)
[info] 
     ######## #### ########  ######## ########     ###     ######  ########
     ##        ##  ##     ## ##       ##     ##  ##   ##  ##       ##
     ######    ##  ########  ######   ########  #########  ######  ######
     ##        ##  ##    ##  ##       ##     ## ##     ##       ## ##
     ##       #### ##     ## ######## ########  ##     ##  ######  ########

You're about to initialize a Firebase project in this directory:

  C:\Users\tsuch\Documents\411\douit\Douit

[info] 
=== Project Setup
[info] 
[info] First, let's associate this project directory with a Firebase project.
[info] You can create multiple project aliases by running firebase use --add, 
[info] but for now we'll just set up a default project.
[info] 
[debug] [2025-08-26T08:17:29.534Z] Checked if tokens are valid: true, expires at: 1756199702869
[debug] [2025-08-26T08:17:29.534Z] Checked if tokens are valid: true, expires at: 1756199702869
[debug] [2025-08-26T08:17:29.536Z] >>> [apiv2][query] GET https://firebase.googleapis.com/v1beta1/projects pageSize=100
[debug] [2025-08-26T08:17:30.164Z] <<< [apiv2][status] GET https://firebase.googleapis.com/v1beta1/projects 200
[debug] [2025-08-26T08:17:30.164Z] <<< [apiv2][body] GET https://firebase.googleapis.com/v1beta1/projects [omitted]
[info] i  Using project douit-d488e (douit) 
[info] 
=== Emulators Setup
[debug] [2025-08-26T08:17:47.606Z] ExitPromptError: User force closed the prompt with SIGINT
    at Interface.sigint (C:\Users\tsuch\AppData\Roaming\npm\node_modules\firebase-tools\node_modules\@inquirer\core\dist\commonjs\lib\create-prompt.js:101:37)
    at Interface.emit (node:events:518:28)
    at Interface.emit (node:domain:489:12)
    at [_ttyWrite] [as _ttyWrite] (node:internal/readline/interface:1128:18)
    at ReadStream.onkeypress (node:internal/readline/interface:267:20)
    at ReadStream.emit (node:events:530:35)
    at ReadStream.emit (node:domain:489:12)
    at emitKeys (node:internal/readline/utils:370:14)
    at emitKeys.next (<anonymous>)
    at ReadStream.onData (node:internal/readline/emitKeypressEvents:64:36)
[error] 
[error] Error: An unexpected error has occurred.
